Streaming transaction logs mentioning CkHLdN45PT1aJEmdjnjNWrCQSBiADdYXvLYQTFwhuZK. Confirmed commitment
Transaction executed in slot 6:
  Signature: 2EqWXgNXuuP8FsSc9yzryiMsf2ouozQPdwmfV2Z9SP68KdVQSudkRg9Cr5As9DQ6nL6ECGUeNGcPHUguCyA91r7d
  Status: Ok
  Log Messages:
    Program CkHLdN45PT1aJEmdjnjNWrCQSBiADdYXvLYQTFwhuZK invoke [1]
    Program log: Instruction: Create
    Program 11111111111111111111111111111111 invoke [2]
    Program 11111111111111111111111111111111 success
    Program consumption: 185485 units remaining
    Program CkHLdN45PT1aJEmdjnjNWrCQSBiADdYXvLYQTFwhuZK consumed 15414 of 200000 compute units
    Program CkHLdN45PT1aJEmdjnjNWrCQSBiADdYXvLYQTFwhuZK success
Transaction executed in slot 7:
  Signature: 3EzPwRmZKyueXtyL7RWGcjCDYwpJFGc9mCor9EnYPDtSiKBMaGYwfbjiM4hwRFysacQHCwn7vEwEib9c84xmgpJT
  Status: Ok
  Log Messages:
    Program CkHLdN45PT1aJEmdjnjNWrCQSBiADdYXvLYQTFwhuZK invoke [1]
    Program log: Instruction: Increment
    Program consumption: 194911 units remaining
    Program CkHLdN45PT1aJEmdjnjNWrCQSBiADdYXvLYQTFwhuZK consumed 5751 of 200000 compute units
    Program CkHLdN45PT1aJEmdjnjNWrCQSBiADdYXvLYQTFwhuZK success
